<?xml version="1.0" encoding="UTF-8"?>
<!-- Generated by org.testng.reporters.JUnitReportReporter -->
<testsuite hostname="Ganesh" failures="0" tests="1" name="testCases.TC_001_AccountRegistration" time="7.173" errors="0" timestamp="2022-10-30T17:16:06 IST" skipped="0">
  <testcase classname="testCases.TC_001_AccountRegistration" name="test_accout_Registration" time="7.173"/>
  <system-out/>
</testsuite> <!-- testCases.TC_001_AccountRegistration -->
